<?xml version="1.0" encoding="UTF-8"?>
<testng-results skipped="0" failed="1" total="2" passed="1">
  <reporter-output>
  </reporter-output>
  <suite name="Default suite" duration-ms="21369" started-at="2020-05-07T14:37:40Z" finished-at="2020-05-07T14:38:02Z">
    <groups>
    </groups>
    <test name="Default test" duration-ms="21369" started-at="2020-05-07T14:37:40Z" finished-at="2020-05-07T14:38:02Z">
      <class name="com.testcases.LoginMBVansTest">
        <test-method status="PASS" signature="setupsuite()" name="setupsuite" is-config="true" duration-ms="1574" started-at="2020-05-07T14:37:39Z" finished-at="2020-05-07T14:37:40Z">
        </test-method>
        <test-method status="PASS" signature="Setup()" name="Setup" is-config="true" duration-ms="16105" started-at="2020-05-07T14:37:40Z" finished-at="2020-05-07T14:37:56Z">
        </test-method>
        <test-method status="PASS" signature="Section1_Header()" name="Section1_Header" duration-ms="517" started-at="2020-05-07T14:37:56Z" finished-at="2020-05-07T14:37:57Z">
        </test-method>
        <test-method status="PASS" signature="TeardownMethod(org.testng.ITestResult)" name="TeardownMethod" is-config="true" duration-ms="2492" started-at="2020-05-07T14:37:57Z" finished-at="2020-05-07T14:37:59Z">
          <params>
            <param index="0">
              <value>
                <![CDATA[[TestResult: Section1_Header STATUS:SUCCESS METHOD:com.testcases.LoginMBVansTest.Section1_Header()]
]]>
              </value>
            </param>
          </params>
        </test-method>
        <test-method status="FAIL" signature="Section5_FAQ()" name="Section5_FAQ" duration-ms="206" started-at="2020-05-07T14:37:59Z" finished-at="2020-05-07T14:38:00Z">
          <exception class="java.lang.AssertionError">
            <message>
              <![CDATA[expected:<Who will honor my MBCPO Extended Limited Warranty?
Rest assured: The MBCPO Extended Limited Warranties are honored at any authorized Mercedes-Benz Dealer nationwide. And warranty work will be done using Genuine Mercedes-Benz Parts.
 Will I be asked to pay any sort of deductible?
Absolutely not. Unlike many pre-owned warranty programs, the MBCPO Extended Limited Warranties will never require you to pay additional fees for warranty-covered labor, repairs, or parts.
 Can I transfer the Mercedes-Benz Vans extended warranty coverage?
If you sell Certified Pre-Owned to a private party, its new owner can continue to enjoy the Extended Limited Warranty coverage with no transfer fee.> but was:<Who will honor my MBCPO Extended Limited Warranty?
Rest assured: The MBCPO Extended Limited Warranties are honored at any authorized Mercedes-Benz Dealer nationwide. And warranty work will be done using Genuine Mercedes-Benz Parts.
  Will I be asked to pay any sort of deductible?
Absolutely not. Unlike many pre-owned warranty programs, the MBCPO Extended Limited Warranties will never require you to pay additional fees for warranty-covered labor, repairs, or parts.
  Can I transfer the Mercedes-Benz Vans extended warranty coverage?
If you sell Certified Pre-Owned to a private party, its new owner can continue to enjoy the Extended Limited Warranty coverage with no transfer fee.>]]>
            </message>
            <full-stacktrace>
              <![CDATA[java.lang.AssertionError: expected:<Who will honor my MBCPO Extended Limited Warranty?
Rest assured: The MBCPO Extended Limited Warranties are honored at any authorized Mercedes-Benz Dealer nationwide. And warranty work will be done using Genuine Mercedes-Benz Parts.
 Will I be asked to pay any sort of deductible?
Absolutely not. Unlike many pre-owned warranty programs, the MBCPO Extended Limited Warranties will never require you to pay additional fees for warranty-covered labor, repairs, or parts.
 Can I transfer the Mercedes-Benz Vans extended warranty coverage?
If you sell Certified Pre-Owned to a private party, its new owner can continue to enjoy the Extended Limited Warranty coverage with no transfer fee.> but was:<Who will honor my MBCPO Extended Limited Warranty?
Rest assured: The MBCPO Extended Limited Warranties are honored at any authorized Mercedes-Benz Dealer nationwide. And warranty work will be done using Genuine Mercedes-Benz Parts.
  Will I be asked to pay any sort of deductible?
Absolutely not. Unlike many pre-owned warranty programs, the MBCPO Extended Limited Warranties will never require you to pay additional fees for warranty-covered labor, repairs, or parts.
  Can I transfer the Mercedes-Benz Vans extended warranty coverage?
If you sell Certified Pre-Owned to a private party, its new owner can continue to enjoy the Extended Limited Warranty coverage with no transfer fee.>
	at org.testng.Assert.fail(Assert.java:89)
	at org.testng.Assert.failNotEquals(Assert.java:489)
	at org.testng.Assert.assertEquals(Assert.java:118)
	at org.testng.Assert.assertEquals(Assert.java:171)
	at org.testng.Assert.assertEquals(Assert.java:181)
	at com.testcases.LoginMBVansTest.Section5_FAQ(LoginMBVansTest.java:354)
	at sun.reflect.NativeMethodAccessorImpl.invoke0(Native Method)
	at sun.reflect.NativeMethodAccessorImpl.invoke(Unknown Source)
	at sun.reflect.DelegatingMethodAccessorImpl.invoke(Unknown Source)
	at java.lang.reflect.Method.invoke(Unknown Source)
	at org.testng.internal.MethodInvocationHelper.invokeMethod(MethodInvocationHelper.java:80)
	at org.testng.internal.Invoker.invokeMethod(Invoker.java:673)
	at org.testng.internal.Invoker.invokeTestMethod(Invoker.java:842)
	at org.testng.internal.Invoker.invokeTestMethods(Invoker.java:1166)
	at org.testng.internal.TestMethodWorker.invokeTestMethods(TestMethodWorker.java:125)
	at org.testng.internal.TestMethodWorker.run(TestMethodWorker.java:109)
	at org.testng.TestRunner.runWorkers(TestRunner.java:1178)
	at org.testng.TestRunner.privateRun(TestRunner.java:757)
	at org.testng.TestRunner.run(TestRunner.java:608)
	at org.testng.SuiteRunner.runTest(SuiteRunner.java:334)
	at org.testng.SuiteRunner.runSequentially(SuiteRunner.java:329)
	at org.testng.SuiteRunner.privateRun(SuiteRunner.java:291)
	at org.testng.SuiteRunner.run(SuiteRunner.java:240)
	at org.testng.SuiteRunnerWorker.runSuite(SuiteRunnerWorker.java:52)
	at org.testng.SuiteRunnerWorker.run(SuiteRunnerWorker.java:86)
	at org.testng.TestNG.runSuitesSequentially(TestNG.java:1158)
	at org.testng.TestNG.runSuitesLocally(TestNG.java:1083)
	at org.testng.TestNG.run(TestNG.java:999)
	at org.testng.remote.AbstractRemoteTestNG.run(AbstractRemoteTestNG.java:115)
	at org.testng.remote.RemoteTestNG.initAndRun(RemoteTestNG.java:251)
	at org.testng.remote.RemoteTestNG.main(RemoteTestNG.java:77)
]]>
            </full-stacktrace>
          </exception>
        </test-method>
        <test-method status="PASS" signature="TeardownMethod(org.testng.ITestResult)" name="TeardownMethod" is-config="true" duration-ms="1294" started-at="2020-05-07T14:38:00Z" finished-at="2020-05-07T14:38:01Z">
          <params>
            <param index="0">
              <value>
                <![CDATA[[TestResult: Section5_FAQ STATUS:FAILURE METHOD:com.testcases.LoginMBVansTest.Section5_FAQ()]
]]>
              </value>
            </param>
          </params>
        </test-method>
        <test-method status="PASS" signature="Teardown()" name="Teardown" is-config="true" duration-ms="724" started-at="2020-05-07T14:38:01Z" finished-at="2020-05-07T14:38:02Z">
        </test-method>
      </class>
    </test>
  </suite>
</testng-results>
