<?xml version="1.0" encoding="UTF-8"?>
<testng-results skipped="0" failed="0" total="5" passed="5">
  <reporter-output>
  </reporter-output>
  <suite name="Default suite" duration-ms="61404" started-at="2020-04-21T13:40:12Z" finished-at="2020-04-21T13:41:14Z">
    <groups>
    </groups>
    <test name="Default test" duration-ms="61404" started-at="2020-04-21T13:40:12Z" finished-at="2020-04-21T13:41:14Z">
      <class name="com.testcases.LoginMBVansTest">
        <test-method status="PASS" signature="MBVans_Setup()" name="MBVans_Setup" is-config="true" duration-ms="24533" started-at="2020-04-21T13:40:12Z" finished-at="2020-04-21T13:40:37Z">
        </test-method>
        <test-method status="PASS" signature="Section1_Header()" name="Section1_Header" duration-ms="295" started-at="2020-04-21T13:40:37Z" finished-at="2020-04-21T13:40:37Z">
        </test-method>
        <test-method status="PASS" signature="Section2_Details()" name="Section2_Details" duration-ms="314" started-at="2020-04-21T13:40:37Z" finished-at="2020-04-21T13:40:38Z">
        </test-method>
        <test-method status="PASS" signature="Section3_Eligibility()" name="Section3_Eligibility" duration-ms="765" started-at="2020-04-21T13:40:38Z" finished-at="2020-04-21T13:40:38Z">
        </test-method>
        <test-method status="PASS" signature="Section4_FAQ()" name="Section4_FAQ" duration-ms="198" started-at="2020-04-21T13:40:38Z" finished-at="2020-04-21T13:40:39Z">
        </test-method>
        <test-method status="PASS" signature="Section5_FindADealer()" name="Section5_FindADealer" duration-ms="35234" started-at="2020-04-21T13:40:39Z" finished-at="2020-04-21T13:41:14Z">
        </test-method>
        <test-method status="PASS" signature="LogOutMBVans()" name="LogOutMBVans" is-config="true" duration-ms="1" started-at="2020-04-21T13:41:14Z" finished-at="2020-04-21T13:41:14Z">
        </test-method>
      </class>
    </test>
  </suite>
</testng-results>
